0 info it worked if it ends with ok
1 verbose cli [ '/usr/bin/nodejs', '/usr/local/bin/npm', 'run', 'test:unit' ]
2 info using npm@3.10.5
3 info using node@v6.6.0
4 verbose run-script [ 'pretest:unit', 'test:unit', 'posttest:unit' ]
5 info lifecycle JavaMagazin_Workflow_Example@1.0.0~pretest:unit: JavaMagazin_Workflow_Example@1.0.0
6 silly lifecycle JavaMagazin_Workflow_Example@1.0.0~pretest:unit: no script for pretest:unit, continuing
7 info lifecycle JavaMagazin_Workflow_Example@1.0.0~test:unit: JavaMagazin_Workflow_Example@1.0.0
8 verbose lifecycle JavaMagazin_Workflow_Example@1.0.0~test:unit: unsafe-perm in lifecycle true
9 verbose lifecycle JavaMagazin_Workflow_Example@1.0.0~test:unit: PATH: /usr/local/lib/node_modules/npm/bin/node-gyp-bin:/home/jdienst/workspace/TypeScript_JavaMagazin/workflow/node_modules/.bin:/usr/bin:/home/jdienst/bin:/usr/local/bin:/usr/bin:/bin:/usr/local/games:/usr/games
10 verbose lifecycle JavaMagazin_Workflow_Example@1.0.0~test:unit: CWD: /home/jdienst/workspace/TypeScript_JavaMagazin/workflow
11 silly lifecycle JavaMagazin_Workflow_Example@1.0.0~test:unit: Args: [ '-c', './node_modules/mocha/bin/mocha src/js/unittests/**/*' ]
12 silly lifecycle JavaMagazin_Workflow_Example@1.0.0~test:unit: Returned: code: 1  signal: null
13 info lifecycle JavaMagazin_Workflow_Example@1.0.0~test:unit: Failed to exec test:unit script
14 verbose stack Error: JavaMagazin_Workflow_Example@1.0.0 test:unit: `./node_modules/mocha/bin/mocha src/js/unittests/**/*`
14 verbose stack Exit status 1
14 verbose stack     at EventEmitter.<anonymous> (/usr/local/lib/node_modules/npm/lib/utils/lifecycle.js:242:16)
14 verbose stack     at emitTwo (events.js:106:13)
14 verbose stack     at EventEmitter.emit (events.js:191:7)
14 verbose stack     at ChildProcess.<anonymous> (/usr/local/lib/node_modules/npm/lib/utils/spawn.js:40:14)
14 verbose stack     at emitTwo (events.js:106:13)
14 verbose stack     at ChildProcess.emit (events.js:191:7)
14 verbose stack     at maybeClose (internal/child_process.js:877:16)
14 verbose stack     at Process.ChildProcess._handle.onexit (internal/child_process.js:226:5)
15 verbose pkgid JavaMagazin_Workflow_Example@1.0.0
16 verbose cwd /home/jdienst/workspace/TypeScript_JavaMagazin/workflow/src
17 error Linux 3.16.0-4-amd64
18 error argv "/usr/bin/nodejs" "/usr/local/bin/npm" "run" "test:unit"
19 error node v6.6.0
20 error npm  v3.10.5
21 error code ELIFECYCLE
22 error JavaMagazin_Workflow_Example@1.0.0 test:unit: `./node_modules/mocha/bin/mocha src/js/unittests/**/*`
22 error Exit status 1
23 error Failed at the JavaMagazin_Workflow_Example@1.0.0 test:unit script './node_modules/mocha/bin/mocha src/js/unittests/**/*'.
23 error Make sure you have the latest version of node.js and npm installed.
23 error If you do, this is most likely a problem with the JavaMagazin_Workflow_Example package,
23 error not with npm itself.
23 error Tell the author that this fails on your system:
23 error     ./node_modules/mocha/bin/mocha src/js/unittests/**/*
23 error You can get information on how to open an issue for this project with:
23 error     npm bugs JavaMagazin_Workflow_Example
23 error Or if that isn't available, you can get their info via:
23 error     npm owner ls JavaMagazin_Workflow_Example
23 error There is likely additional logging output above.
24 verbose exit [ 1, true ]
